The system is: Windows - 10.0.22631 - AMD64
Compiling the C compiler identification source file "CMakeCCompilerId.c" succeeded.
Compiler: C:/Program Files (x86)/Microsoft Visual Studio/2019/Enterprise/VC/Tools/MSVC/14.29.30133/bin/Hostx64/x64/cl.exe 
Build flags: 
Id flags: -c 

The output was:
0
Microsoft (R) C/C++-Optimierungscompiler Version 19.29.30154 für x64
Copyright (C) Microsoft Corporation. Alle Rechte vorbehalten.

CMakeCCompilerId.c


Compilation of the C compiler identification source "CMakeCCompilerId.c" produced "CMakeCCompilerId.obj"

The C compiler identification is MSVC, found in "C:/Users/leolu/OneDrive/KTH/SF2565 Program Construction in C++ for Scientific Computing/HW3_CPP_KTH/out/build/x64-Debug/CMakeFiles/3.20.21032501-MSVC_2/CompilerIdC/CMakeCCompilerId.obj"

Compiling the CXX compiler identification source file "CMakeCXXCompilerId.cpp" succeeded.
Compiler: C:/Program Files (x86)/Microsoft Visual Studio/2019/Enterprise/VC/Tools/MSVC/14.29.30133/bin/Hostx64/x64/cl.exe 
Build flags: 
Id flags: -c 

The output was:
0
Microsoft (R) C/C++-Optimierungscompiler Version 19.29.30154 für x64
Copyright (C) Microsoft Corporation. Alle Rechte vorbehalten.

CMakeCXXCompilerId.cpp


Compilation of the CXX compiler identification source "CMakeCXXCompilerId.cpp" produced "CMakeCXXCompilerId.obj"

The CXX compiler identification is MSVC, found in "C:/Users/leolu/OneDrive/KTH/SF2565 Program Construction in C++ for Scientific Computing/HW3_CPP_KTH/out/build/x64-Debug/CMakeFiles/3.20.21032501-MSVC_2/CompilerIdCXX/CMakeCXXCompilerId.obj"

Detecting C compiler ABI info compiled with the following output:
Change Dir: C:/Users/leolu/OneDrive/KTH/SF2565 Program Construction in C++ for Scientific Computing/HW3_CPP_KTH/out/build/x64-Debug/CMakeFiles/CMakeTmp

Run Build Command(s):C:/Program Files (x86)/Microsoft Visual Studio/2019/Enterprise/Common7/IDE/CommonExtensions/Microsoft/CMake/Ninja/ninja.exe cmTC_62a6e && [1/2] Building C object CMakeFiles\cmTC_62a6e.dir\CMakeCCompilerABI.c.obj
[2/2] Linking C executable cmTC_62a6e.exe



Detecting CXX compiler ABI info compiled with the following output:
Change Dir: C:/Users/leolu/OneDrive/KTH/SF2565 Program Construction in C++ for Scientific Computing/HW3_CPP_KTH/out/build/x64-Debug/CMakeFiles/CMakeTmp

Run Build Command(s):C:/Program Files (x86)/Microsoft Visual Studio/2019/Enterprise/Common7/IDE/CommonExtensions/Microsoft/CMake/Ninja/ninja.exe cmTC_c947e && [1/2] Building CXX object CMakeFiles\cmTC_c947e.dir\CMakeCXXCompilerABI.cpp.obj
[2/2] Linking CXX executable cmTC_c947e.exe



